<?xml version="1.0" encoding="UTF-8"?>
<testng-results skipped="0" failed="0" total="1" passed="1">
  <reporter-output>
  </reporter-output>
  <suite name="Default suite" duration-ms="32" started-at="2019-06-21T13:04:58Z" finished-at="2019-06-21T13:04:58Z">
    <groups>
    </groups>
    <test name="Default test" duration-ms="32" started-at="2019-06-21T13:04:58Z" finished-at="2019-06-21T13:04:58Z">
      <class name="rome.NewTest">
        <test-method status="PASS" signature="f()[pri:0, instance:rome.NewTest@3a82f6ef]" name="f" duration-ms="11" started-at="2019-06-21T18:34:58Z" finished-at="2019-06-21T18:34:58Z">
          <reporter-output>
          </reporter-output>
        </test-method> <!-- f -->
      </class> <!-- rome.NewTest -->
    </test> <!-- Default test -->
  </suite> <!-- Default suite -->
</testng-results>
